{
  message: 'Error: Email has already exists.\n' +
    '    at Object.signUp (/Users/2359media/node-projects/nodejs-boilerplate/src/domain/authentication/authenticationService/index.js:14:23)\n' +
    '    at async /Users/2359media/node-projects/nodejs-boilerplate/src/domain/authentication/authentication.Controllers.js:14:5',
  level: 'error',
  timestamp: '2020-06-10T09:27:37.304Z'
}
{
  message: 'Error: Email has already exists.\n' +
    '    at Object.signUp (/Users/2359media/node-projects/nodejs-boilerplate/src/domain/authentication/authenticationService/index.js:14:23)\n' +
    '    at async /Users/2359media/node-projects/nodejs-boilerplate/src/domain/authentication/authentication.Controllers.js:14:5',
  level: 'error',
  timestamp: '2020-06-10T09:27:46.422Z'
}
{
  message: 'Error: Email has already exists.\n' +
    '    at Object.signUp (/Users/2359media/node-projects/nodejs-boilerplate/src/domain/authentication/authenticationService/index.js:14:23)\n' +
    '    at async /Users/2359media/node-projects/nodejs-boilerplate/src/domain/authentication/authentication.Controllers.js:16:5',
  level: 'error',
  timestamp: '2020-06-11T05:28:19.469Z'
}
{
  message: 'Error: Email has already exists.\n' +
    '    at Object.signUp (/Users/2359media/node-projects/nodejs-boilerplate/src/domain/authentication/authenticationService/index.js:15:23)\n' +
    '    at processTicksAndRejections (internal/process/task_queues.js:93:5)\n' +
    '    at /Users/2359media/node-projects/nodejs-boilerplate/src/domain/authentication/authentication.Controllers.js:17:5',
  level: 'error',
  timestamp: '2020-06-11T14:17:52.485Z'
}
{
  message: 'Error: Email has already exists.\n' +
    '    at Object.signUp (/Users/2359media/node-projects/nodejs-boilerplate/src/domain/authentication/authenticationService/index.js:15:23)\n' +
    '    at async /Users/2359media/node-projects/nodejs-boilerplate/src/domain/authentication/authentication.Controllers.js:17:5',
  level: 'error',
  timestamp: '2020-06-11T14:19:15.540Z'
}
{
  message: 'Error: Email has already exists.\n' +
    '    at Object.signUp (/Users/2359media/node-projects/nodejs-boilerplate/src/domain/authentication/authenticationService/index.js:15:23)\n' +
    '    at processTicksAndRejections (internal/process/task_queues.js:93:5)\n' +
    '    at /Users/2359media/node-projects/nodejs-boilerplate/src/domain/authentication/authentication.Controllers.js:17:5',
  level: 'error',
  timestamp: '2020-06-11T14:19:53.759Z'
}
{
  message: 'Error: Email has already exists.\n' +
    '    at Object.signUp (/Users/2359media/node-projects/nodejs-boilerplate/src/domain/authentication/authenticationService/index.js:15:23)\n' +
    '    at processTicksAndRejections (internal/process/task_queues.js:93:5)\n' +
    '    at /Users/2359media/node-projects/nodejs-boilerplate/src/domain/authentication/authentication.Controllers.js:17:5',
  level: 'error',
  timestamp: '2020-06-11T14:26:08.812Z'
}
{
  message: 'Error: Email has already exists.\n' +
    '    at Object.signUp (/Users/2359media/node-projects/nodejs-boilerplate/src/domain/authentication/authenticationService/index.js:15:23)\n' +
    '    at processTicksAndRejections (internal/process/task_queues.js:93:5)\n' +
    '    at /Users/2359media/node-projects/nodejs-boilerplate/src/domain/authentication/authentication.Controllers.js:17:5',
  level: 'error',
  timestamp: '2020-06-11T14:26:29.813Z'
}
{
  message: 'Error: Email has already exists.\n' +
    '    at Object.signUp (/Users/2359media/node-projects/nodejs-boilerplate/src/domain/authentication/authenticationService/index.js:15:23)\n' +
    '    at processTicksAndRejections (internal/process/task_queues.js:93:5)\n' +
    '    at /Users/2359media/node-projects/nodejs-boilerplate/src/domain/authentication/authentication.Controllers.js:17:5',
  level: 'error',
  timestamp: '2020-06-12T03:26:43.330Z'
}
{
  message: 'Error: Email has already exists.\n' +
    '    at Object.signUp (/Users/2359media/node-projects/nodejs-boilerplate/src/domain/authentication/authenticationService/index.js:15:23)\n' +
    '    at processTicksAndRejections (internal/process/task_queues.js:93:5)\n' +
    '    at /Users/2359media/node-projects/nodejs-boilerplate/src/domain/authentication/authentication.Controllers.js:17:5',
  level: 'error',
  timestamp: '2020-06-12T03:26:43.351Z'
}
{
  message: 'Error: Email has already exists.\n' +
    '    at Object.signUp (/Users/2359media/node-projects/nodejs-boilerplate/src/domain/authentication/authenticationService/index.js:15:23)\n' +
    '    at processTicksAndRejections (internal/process/task_queues.js:93:5)\n' +
    '    at /Users/2359media/node-projects/nodejs-boilerplate/src/domain/authentication/authentication.Controllers.js:17:5',
  level: 'error',
  timestamp: '2020-06-12T03:27:45.040Z'
}
{
  message: 'Error: Email has already exists.\n' +
    '    at Object.signUp (/Users/2359media/node-projects/nodejs-boilerplate/src/domain/authentication/authenticationService/index.js:15:23)\n' +
    '    at processTicksAndRejections (internal/process/task_queues.js:93:5)\n' +
    '    at /Users/2359media/node-projects/nodejs-boilerplate/src/domain/authentication/authentication.Controllers.js:17:5',
  level: 'error',
  timestamp: '2020-06-12T03:41:14.993Z'
}
